{"uuid":"1a94fab4-1eb6-4c62-8813-0d7618fa37db","historyId":"97c3c978fbd36781a4d7f83801fd52c1","fullName":"org.selenide.imdb.ImdbTest.userSearchAndShowTop5Test","labels":[{"name":"package","value":"org.selenide.imdb.ImdbTest"},{"name":"testClass","value":"org.selenide.imdb.ImdbTest"},{"name":"testMethod","value":"userSearchAndShowTop5Test"},{"name":"parentSuite","value":"Default Suite"},{"name":"suite","value":"imdb-test"},{"name":"subSuite","value":"org.selenide.imdb.ImdbTest"},{"name":"host","value":"DESKTOP-54NGMSI"},{"name":"thread","value":"2228@DESKTOP-54NGMSI.main(1)"},{"name":"framework","value":"testng"},{"name":"language","value":"java"}],"links":[],"name":"userSearchAndShowTop5Test","status":"failed","statusDetails":{"known":false,"muted":false,"flaky":false,"message":"Invalid element state [h3.ipc-title__text.findBy(text \"Top cast\")]: element click intercepted: Element <h3 class=\"ipc-title__text\">...</h3> is not clickable at point (152, 655). Other element would receive the click: <div class=\"sc-eDvSVe bZzAFe icb-html\">...</div>\r\nScreenshot: file:/C:/Users/markovca/imdb-test/build/reports/tests/1746290673715.0.png\r\nPage source: file:/C:/Users/markovca/imdb-test/build/reports/tests/1746290673715.0.html\r\nTimeout: 4 s.\r\nCaused by: ElementClickInterceptedException: element click intercepted: Element <h3 class=\"ipc-title__text\">...</h3> is not clickable at point (152, 655). Other element would receive the click: <div class=\"sc-eDvSVe bZzAFe icb-html\">...</div>","trace":"Invalid element state [h3.ipc-title__text.findBy(text \"Top cast\")]: element click intercepted: Element <h3 class=\"ipc-title__text\">...</h3> is not clickable at point (152, 655). Other element would receive the click: <div class=\"sc-eDvSVe bZzAFe icb-html\">...</div>\r\nScreenshot: file:/C:/Users/markovca/imdb-test/build/reports/tests/1746290673715.0.png\r\nPage source: file:/C:/Users/markovca/imdb-test/build/reports/tests/1746290673715.0.html\r\nTimeout: 4 s.\r\nCaused by: ElementClickInterceptedException: element click intercepted: Element <h3 class=\"ipc-title__text\">...</h3> is not clickable at point (152, 655). Other element would receive the click: <div class=\"sc-eDvSVe bZzAFe icb-html\">...</div>\r\n\tat com.codeborne.selenide.impl.ExceptionWrapper.wrap(ExceptionWrapper.java:19)\r\n\tat com.codeborne.selenide.impl.SelenideElementProxy.dispatchAndRetry(SelenideElementProxy.java:153)\r\n\tat com.codeborne.selenide.impl.SelenideElementProxy.invoke(SelenideElementProxy.java:83)\r\n\tat jdk.proxy2/jdk.proxy2.$Proxy10.click(Unknown Source)\r\n\tat org.selenide.imdb.ImdbTest.userSearchAndShowTop5Test(ImdbTest.java:22)\r\n\tat java.base/jdk.internal.reflect.DirectMethodHandleAccessor.invoke(DirectMethodHandleAccessor.java:103)\r\n\tat java.base/java.lang.reflect.Method.invoke(Method.java:580)\r\n\tat org.testng.internal.invokers.MethodInvocationHelper.invokeMethod(MethodInvocationHelper.java:139)\r\n\tat org.testng.internal.invokers.TestInvoker.invokeMethod(TestInvoker.java:677)\r\n\tat org.testng.internal.invokers.TestInvoker.invokeTestMethod(TestInvoker.java:221)\r\n\tat org.testng.internal.invokers.MethodRunner.runInSequence(MethodRunner.java:50)\r\n\tat org.testng.internal.invokers.TestInvoker$MethodInvocationAgent.invoke(TestInvoker.java:969)\r\n\tat org.testng.internal.invokers.TestInvoker.invokeTestMethods(TestInvoker.java:194)\r\n\tat org.testng.internal.invokers.TestMethodWorker.invokeTestMethods(TestMethodWorker.java:148)\r\n\tat org.testng.internal.invokers.TestMethodWorker.run(TestMethodWorker.java:128)\r\n\tat java.base/java.util.ArrayList.forEach(ArrayList.java:1596)\r\n\tat org.testng.TestRunner.privateRun(TestRunner.java:829)\r\n\tat org.testng.TestRunner.run(TestRunner.java:602)\r\n\tat org.testng.SuiteRunner.runTest(SuiteRunner.java:437)\r\n\tat org.testng.SuiteRunner.runSequentially(SuiteRunner.java:431)\r\n\tat org.testng.SuiteRunner.privateRun(SuiteRunner.java:391)\r\n\tat org.testng.SuiteRunner.run(SuiteRunner.java:330)\r\n\tat org.testng.SuiteRunnerWorker.runSuite(SuiteRunnerWorker.java:52)\r\n\tat org.testng.SuiteRunnerWorker.run(SuiteRunnerWorker.java:95)\r\n\tat org.testng.TestNG.runSuitesSequentially(TestNG.java:1256)\r\n\tat org.testng.TestNG.runSuitesLocally(TestNG.java:1176)\r\n\tat org.testng.TestNG.runSuites(TestNG.java:1099)\r\n\tat org.testng.TestNG.run(TestNG.java:1067)\r\n\tat com.intellij.rt.testng.IDEARemoteTestNG.run(IDEARemoteTestNG.java:65)\r\n\tat com.intellij.rt.testng.RemoteTestNGStarter.main(RemoteTestNGStarter.java:105)\r\nCaused by: org.openqa.selenium.ElementClickInterceptedException: element click intercepted: Element <h3 class=\"ipc-title__text\">...</h3> is not clickable at point (152, 655). Other element would receive the click: <div class=\"sc-eDvSVe bZzAFe icb-html\">...</div>\n  (Session info: chrome=135.0.7049.116)\nBuild info: version: '4.31.0', revision: '1ef9f18787*'\nSystem info: os.name: 'Windows 11', os.arch: 'amd64', os.version: '10.0', java.version: '21.0.4'\nDriver info: org.openqa.selenium.chrome.ChromeDriver\nCommand: [c7bddcb109e804931c80b5eb74e619e5, clickElement {id=f.AF607B4722ED141782A06C29AF357137.d.3C0E0167653D6056B7383B358EA54F41.e.118}]\nCapabilities {acceptInsecureCerts: true, browserName: chrome, browserVersion: 135.0.7049.116, chrome: {chromedriverVersion: 135.0.7049.114 (63fd8a7d9d0..., userDataDir: C:\\Users\\markovca\\AppData\\L...}, fedcm:accounts: true, goog:chromeOptions: {debuggerAddress: localhost:51512}, networkConnectionEnabled: false, pageLoadStrategy: normal, platformName: windows, proxy: Proxy(), se:cdp: ws://localhost:51512/devtoo..., se:cdpVersion: 135.0.7049.116, setWindowRect: true, strictFileInteractability: false, timeouts: {implicit: 0, pageLoad: 300000, script: 30000}, unhandledPromptBehavior: accept, webauthn:extension:credBlob: true, webauthn:extension:largeBlob: true, webauthn:extension:minPinLength: true, webauthn:extension:prf: true, webauthn:virtualAuthenticators: true}\nElement: [[ChromeDriver: chrome on windows (c7bddcb109e804931c80b5eb74e619e5)] -> css selector: h3.ipc-title__text]\nSession ID: c7bddcb109e804931c80b5eb74e619e5\r\n\tat java.base/jdk.internal.reflect.DirectConstructorHandleAccessor.newInstance(DirectConstructorHandleAccessor.java:62)\r\n\tat java.base/java.lang.reflect.Constructor.newInstanceWithCaller(Constructor.java:502)\r\n\tat java.base/java.lang.reflect.Constructor.newInstance(Constructor.java:486)\r\n\tat org.openqa.selenium.remote.ErrorCodec.decode(ErrorCodec.java:167)\r\n\tat org.openqa.selenium.remote.codec.w3c.W3CHttpResponseCodec.decode(W3CHttpResponseCodec.java:138)\r\n\tat org.openqa.selenium.remote.codec.w3c.W3CHttpResponseCodec.decode(W3CHttpResponseCodec.java:50)\r\n\tat org.openqa.selenium.remote.HttpCommandExecutor.execute(HttpCommandExecutor.java:215)\r\n\tat org.openqa.selenium.remote.service.DriverCommandExecutor.invokeExecute(DriverCommandExecutor.java:216)\r\n\tat org.openqa.selenium.remote.service.DriverCommandExecutor.execute(DriverCommandExecutor.java:174)\r\n\tat org.openqa.selenium.remote.RemoteWebDriver.execute(RemoteWebDriver.java:545)\r\n\tat org.openqa.selenium.remote.RemoteWebElement.execute(RemoteWebElement.java:223)\r\n\tat org.openqa.selenium.remote.RemoteWebElement.click(RemoteWebElement.java:76)\r\n\tat com.codeborne.selenide.commands.Click.defaultClick(Click.java:102)\r\n\tat com.codeborne.selenide.commands.Click.doClick(Click.java:80)\r\n\tat com.codeborne.selenide.commands.Click.click(Click.java:56)\r\n\tat com.codeborne.selenide.commands.Click.execute(Click.java:36)\r\n\tat com.codeborne.selenide.FluentCommand.execute(FluentCommand.java:27)\r\n\tat com.codeborne.selenide.FluentCommand.execute(FluentCommand.java:19)\r\n\tat com.codeborne.selenide.commands.Commands.execute(Commands.java:160)\r\n\tat com.codeborne.selenide.impl.SelenideElementProxy.dispatchAndRetry(SelenideElementProxy.java:131)\r\n\t... 28 more\r\n"},"stage":"finished","steps":[],"attachments":[],"parameters":[],"start":1746290658500,"stop":1746290674511}